2013/07/30 04:23:38 [error] [exception.CDbException] exception 'CDbException' with message 'CDbConnection failed to open the DB connection: could not find driver' in /home/chris/webserver/productos/yii/framework/db/CDbConnection.php:382
Stack trace:
#0 /home/chris/webserver/productos/yii/framework/db/CDbConnection.php(330): CDbConnection->open()
#1 /home/chris/webserver/productos/yii/framework/db/CDbConnection.php(308): CDbConnection->setActive(true)
#2 /home/chris/webserver/productos/yii/framework/base/CModule.php(387): CDbConnection->init()
#3 /home/chris/webserver/productos/yii/framework/base/CModule.php(103): CModule->getComponent('db')
#4 /home/chris/webserver/productos/yii/framework/gii/generators/model/ModelCode.php(60): CModule->__get('db')
#5 /home/chris/webserver/productos/yii/framework/web/CFormModel.php(39): ModelCode->init()
#6 /home/chris/webserver/productos/yii/framework/gii/CCodeGenerator.php(153): CFormModel->__construct()
#7 /home/chris/webserver/productos/yii/framework/gii/CCodeGenerator.php(63): CCodeGenerator->prepare()
#8 /home/chris/webserver/productos/yii/framework/web/actions/CInlineAction.php(49): CCodeGenerator->actionIndex()
#9 /home/chris/webserver/productos/yii/framework/web/CController.php(308): CInlineAction->runWithParams(Array)
#10 /home/chris/webserver/productos/yii/framework/web/CController.php(286): CController->runAction(Object(CInlineAction))
#11 /home/chris/webserver/productos/yii/framework/web/CController.php(265): CController->runActionWithFilters(Object(CInlineAction), Array)
#12 /home/chris/webserver/productos/yii/framework/web/CWebApplication.php(282): CController->run('index')
#13 /home/chris/webserver/productos/yii/framework/web/CWebApplication.php(141): CWebApplication->runController('gii/model/index')
#14 /home/chris/webserver/productos/yii/framework/base/CApplication.php(180): CWebApplication->processRequest()
#15 /home/chris/webserver/productos/index.php(13): CApplication->run()
#16 {main}
REQUEST_URI=/productos/gii/model/index
HTTP_REFERER=http://localhost/productos/gii/default/index
---
2013/07/30 04:28:21 [error] [exception.CDbException] exception 'CDbException' with message 'CDbConnection failed to open the DB connection: could not find driver' in /home/chris/webserver/productos/yii/framework/db/CDbConnection.php:382
Stack trace:
#0 /home/chris/webserver/productos/yii/framework/db/CDbConnection.php(330): CDbConnection->open()
#1 /home/chris/webserver/productos/yii/framework/db/CDbConnection.php(308): CDbConnection->setActive(true)
#2 /home/chris/webserver/productos/yii/framework/base/CModule.php(387): CDbConnection->init()
#3 /home/chris/webserver/productos/yii/framework/base/CModule.php(103): CModule->getComponent('db')
#4 /home/chris/webserver/productos/yii/framework/gii/generators/model/ModelCode.php(60): CModule->__get('db')
#5 /home/chris/webserver/productos/yii/framework/web/CFormModel.php(39): ModelCode->init()
#6 /home/chris/webserver/productos/yii/framework/gii/CCodeGenerator.php(153): CFormModel->__construct()
#7 /home/chris/webserver/productos/yii/framework/gii/CCodeGenerator.php(63): CCodeGenerator->prepare()
#8 /home/chris/webserver/productos/yii/framework/web/actions/CInlineAction.php(49): CCodeGenerator->actionIndex()
#9 /home/chris/webserver/productos/yii/framework/web/CController.php(308): CInlineAction->runWithParams(Array)
#10 /home/chris/webserver/productos/yii/framework/web/CController.php(286): CController->runAction(Object(CInlineAction))
#11 /home/chris/webserver/productos/yii/framework/web/CController.php(265): CController->runActionWithFilters(Object(CInlineAction), Array)
#12 /home/chris/webserver/productos/yii/framework/web/CWebApplication.php(282): CController->run('index')
#13 /home/chris/webserver/productos/yii/framework/web/CWebApplication.php(141): CWebApplication->runController('gii/model/index')
#14 /home/chris/webserver/productos/yii/framework/base/CApplication.php(180): CWebApplication->processRequest()
#15 /home/chris/webserver/productos/index.php(13): CApplication->run()
#16 {main}
REQUEST_URI=/productos/gii/model/index
HTTP_REFERER=http://localhost/productos/gii/form/index
---
2013/07/30 04:32:30 [error] [exception.CDbException] exception 'CDbException' with message 'CDbConnection failed to open the DB connection: could not find driver' in /home/chris/webserver/productos/yii/framework/db/CDbConnection.php:382
Stack trace:
#0 /home/chris/webserver/productos/yii/framework/db/CDbConnection.php(330): CDbConnection->open()
#1 /home/chris/webserver/productos/yii/framework/db/CDbConnection.php(308): CDbConnection->setActive(true)
#2 /home/chris/webserver/productos/yii/framework/base/CModule.php(387): CDbConnection->init()
#3 /home/chris/webserver/productos/yii/framework/base/CModule.php(103): CModule->getComponent('db')
#4 /home/chris/webserver/productos/yii/framework/gii/generators/model/ModelCode.php(60): CModule->__get('db')
#5 /home/chris/webserver/productos/yii/framework/web/CFormModel.php(39): ModelCode->init()
#6 /home/chris/webserver/productos/yii/framework/gii/CCodeGenerator.php(153): CFormModel->__construct()
#7 /home/chris/webserver/productos/yii/framework/gii/CCodeGenerator.php(63): CCodeGenerator->prepare()
#8 /home/chris/webserver/productos/yii/framework/web/actions/CInlineAction.php(49): CCodeGenerator->actionIndex()
#9 /home/chris/webserver/productos/yii/framework/web/CController.php(308): CInlineAction->runWithParams(Array)
#10 /home/chris/webserver/productos/yii/framework/web/CController.php(286): CController->runAction(Object(CInlineAction))
#11 /home/chris/webserver/productos/yii/framework/web/CController.php(265): CController->runActionWithFilters(Object(CInlineAction), Array)
#12 /home/chris/webserver/productos/yii/framework/web/CWebApplication.php(282): CController->run('index')
#13 /home/chris/webserver/productos/yii/framework/web/CWebApplication.php(141): CWebApplication->runController('gii/model/index')
#14 /home/chris/webserver/productos/yii/framework/base/CApplication.php(180): CWebApplication->processRequest()
#15 /home/chris/webserver/productos/index.php(13): CApplication->run()
#16 {main}
REQUEST_URI=/productos/gii/model/index
HTTP_REFERER=http://localhost/productos/gii
---
2013/07/30 04:35:34 [error] [exception.CDbException] exception 'CDbException' with message 'CDbConnection failed to open the DB connection: could not find driver' in /home/chris/webserver/productos/yii/framework/db/CDbConnection.php:382
Stack trace:
#0 /home/chris/webserver/productos/yii/framework/db/CDbConnection.php(330): CDbConnection->open()
#1 /home/chris/webserver/productos/yii/framework/db/CDbConnection.php(308): CDbConnection->setActive(true)
#2 /home/chris/webserver/productos/yii/framework/base/CModule.php(387): CDbConnection->init()
#3 /home/chris/webserver/productos/yii/framework/base/CModule.php(103): CModule->getComponent('db')
#4 /home/chris/webserver/productos/yii/framework/gii/generators/model/ModelCode.php(60): CModule->__get('db')
#5 /home/chris/webserver/productos/yii/framework/web/CFormModel.php(39): ModelCode->init()
#6 /home/chris/webserver/productos/yii/framework/gii/CCodeGenerator.php(153): CFormModel->__construct()
#7 /home/chris/webserver/productos/yii/framework/gii/CCodeGenerator.php(63): CCodeGenerator->prepare()
#8 /home/chris/webserver/productos/yii/framework/web/actions/CInlineAction.php(49): CCodeGenerator->actionIndex()
#9 /home/chris/webserver/productos/yii/framework/web/CController.php(308): CInlineAction->runWithParams(Array)
#10 /home/chris/webserver/productos/yii/framework/web/CController.php(286): CController->runAction(Object(CInlineAction))
#11 /home/chris/webserver/productos/yii/framework/web/CController.php(265): CController->runActionWithFilters(Object(CInlineAction), Array)
#12 /home/chris/webserver/productos/yii/framework/web/CWebApplication.php(282): CController->run('index')
#13 /home/chris/webserver/productos/yii/framework/web/CWebApplication.php(141): CWebApplication->runController('gii/model/index')
#14 /home/chris/webserver/productos/yii/framework/base/CApplication.php(180): CWebApplication->processRequest()
#15 /home/chris/webserver/productos/index.php(13): CApplication->run()
#16 {main}
REQUEST_URI=/productos/gii/model/index
---
2013/07/30 04:35:47 [error] [exception.CDbException] exception 'CDbException' with message 'CDbConnection failed to open the DB connection: could not find driver' in /home/chris/webserver/productos/yii/framework/db/CDbConnection.php:382
Stack trace:
#0 /home/chris/webserver/productos/yii/framework/db/CDbConnection.php(330): CDbConnection->open()
#1 /home/chris/webserver/productos/yii/framework/db/CDbConnection.php(308): CDbConnection->setActive(true)
#2 /home/chris/webserver/productos/yii/framework/base/CModule.php(387): CDbConnection->init()
#3 /home/chris/webserver/productos/yii/framework/base/CModule.php(103): CModule->getComponent('db')
#4 /home/chris/webserver/productos/yii/framework/gii/generators/model/ModelCode.php(60): CModule->__get('db')
#5 /home/chris/webserver/productos/yii/framework/web/CFormModel.php(39): ModelCode->init()
#6 /home/chris/webserver/productos/yii/framework/gii/CCodeGenerator.php(153): CFormModel->__construct()
#7 /home/chris/webserver/productos/yii/framework/gii/CCodeGenerator.php(63): CCodeGenerator->prepare()
#8 /home/chris/webserver/productos/yii/framework/web/actions/CInlineAction.php(49): CCodeGenerator->actionIndex()
#9 /home/chris/webserver/productos/yii/framework/web/CController.php(308): CInlineAction->runWithParams(Array)
#10 /home/chris/webserver/productos/yii/framework/web/CController.php(286): CController->runAction(Object(CInlineAction))
#11 /home/chris/webserver/productos/yii/framework/web/CController.php(265): CController->runActionWithFilters(Object(CInlineAction), Array)
#12 /home/chris/webserver/productos/yii/framework/web/CWebApplication.php(282): CController->run('index')
#13 /home/chris/webserver/productos/yii/framework/web/CWebApplication.php(141): CWebApplication->runController('gii/model/index')
#14 /home/chris/webserver/productos/yii/framework/base/CApplication.php(180): CWebApplication->processRequest()
#15 /home/chris/webserver/productos/index.php(13): CApplication->run()
#16 {main}
REQUEST_URI=/productos/gii/model/index
HTTP_REFERER=http://localhost/productos/gii/form/index
---
2013/07/30 04:36:52 [error] [exception.CDbException] exception 'CDbException' with message 'CDbConnection failed to open the DB connection: SQLSTATE[08006] [7] FATAL:  Peer authentication failed for user "postgres"' in /home/chris/webserver/productos/yii/framework/db/CDbConnection.php:382
Stack trace:
#0 /home/chris/webserver/productos/yii/framework/db/CDbConnection.php(330): CDbConnection->open()
#1 /home/chris/webserver/productos/yii/framework/db/CDbConnection.php(308): CDbConnection->setActive(true)
#2 /home/chris/webserver/productos/yii/framework/base/CModule.php(387): CDbConnection->init()
#3 /home/chris/webserver/productos/yii/framework/base/CModule.php(103): CModule->getComponent('db')
#4 /home/chris/webserver/productos/yii/framework/gii/generators/model/ModelCode.php(60): CModule->__get('db')
#5 /home/chris/webserver/productos/yii/framework/web/CFormModel.php(39): ModelCode->init()
#6 /home/chris/webserver/productos/yii/framework/gii/CCodeGenerator.php(153): CFormModel->__construct()
#7 /home/chris/webserver/productos/yii/framework/gii/CCodeGenerator.php(63): CCodeGenerator->prepare()
#8 /home/chris/webserver/productos/yii/framework/web/actions/CInlineAction.php(49): CCodeGenerator->actionIndex()
#9 /home/chris/webserver/productos/yii/framework/web/CController.php(308): CInlineAction->runWithParams(Array)
#10 /home/chris/webserver/productos/yii/framework/web/CController.php(286): CController->runAction(Object(CInlineAction))
#11 /home/chris/webserver/productos/yii/framework/web/CController.php(265): CController->runActionWithFilters(Object(CInlineAction), Array)
#12 /home/chris/webserver/productos/yii/framework/web/CWebApplication.php(282): CController->run('index')
#13 /home/chris/webserver/productos/yii/framework/web/CWebApplication.php(141): CWebApplication->runController('gii/model/index')
#14 /home/chris/webserver/productos/yii/framework/base/CApplication.php(180): CWebApplication->processRequest()
#15 /home/chris/webserver/productos/index.php(13): CApplication->run()
#16 {main}
REQUEST_URI=/productos/gii/model/index
HTTP_REFERER=http://localhost/productos/gii
---
